2025-07-14 21:07:08,522 - nightstalker.redteam.payload_builder - INFO - Checking required tools for Payload Builder...
2025-07-14 21:07:08,524 - nightstalker.redteam.payload_builder - WARNING - [ToolManager] Tool 'pyinstaller' not found. Attempting to install...
2025-07-14 21:07:14,917 - nightstalker.redteam.payload_builder - WARNING - [ToolManager] Install failed: winget install -e --id pyinstaller

2025-07-14 21:07:39,332 - nightstalker.redteam.payload_builder - WARNING - [ToolManager] Install failed: choco install pyinstaller -y

2025-07-14 21:07:45,525 - nightstalker.redteam.payload_builder - INFO - [ToolManager] Successfully installed with: C:\Users\dougl\AppData\Local\Programs\Python\Python313\python.exe -m pip install pyinstaller
2025-07-14 21:07:45,529 - nightstalker.redteam.payload_builder - WARNING - [ToolManager] Tool 'cx_Freeze' not found. Attempting to install...
2025-07-14 21:07:47,038 - nightstalker.redteam.payload_builder - WARNING - [ToolManager] Install failed: winget install -e --id cx_Freeze

2025-07-14 21:08:11,390 - nightstalker.redteam.payload_builder - WARNING - [ToolManager] Install failed: choco install cx_Freeze -y

2025-07-14 21:08:30,513 - nightstalker.redteam.payload_builder - INFO - [ToolManager] Successfully installed with: C:\Users\dougl\AppData\Local\Programs\Python\Python313\python.exe -m pip install cx_Freeze
2025-07-14 21:08:30,515 - nightstalker.redteam.payload_builder - WARNING - [ToolManager] Tool 'gcc' not found. Attempting to install...
2025-07-14 21:08:31,761 - nightstalker.redteam.payload_builder - WARNING - [ToolManager] Install failed: winget install -e --id gcc

2025-07-14 21:08:53,762 - nightstalker.redteam.payload_builder - WARNING - [ToolManager] Install failed: choco install gcc -y

2025-07-14 21:08:55,232 - nightstalker.redteam.payload_builder - WARNING - [ToolManager] Install failed: C:\Users\dougl\AppData\Local\Programs\Python\Python313\python.exe -m pip install gcc
ERROR: Could not find a version that satisfies the requirement gcc (from versions: none)
ERROR: No matching distribution found for gcc

2025-07-14 21:08:55,233 - nightstalker.redteam.payload_builder - ERROR - [ToolManager] Failed to auto-install tool 'gcc'. Please install it manually.
2025-07-14 21:08:55,234 - nightstalker.redteam.payload_builder - WARNING - [ToolManager] Tool 'mingw32-gcc' not found. Attempting to install...
2025-07-14 21:08:56,223 - nightstalker.redteam.payload_builder - WARNING - [ToolManager] Install failed: winget install -e --id mingw32-gcc

2025-07-14 21:09:18,358 - nightstalker.redteam.payload_builder - WARNING - [ToolManager] Install failed: choco install mingw32-gcc -y

2025-07-14 21:09:19,685 - nightstalker.redteam.payload_builder - WARNING - [ToolManager] Install failed: C:\Users\dougl\AppData\Local\Programs\Python\Python313\python.exe -m pip install mingw32-gcc
ERROR: Could not find a version that satisfies the requirement mingw32-gcc (from versions: none)
ERROR: No matching distribution found for mingw32-gcc

2025-07-14 21:09:19,685 - nightstalker.redteam.payload_builder - ERROR - [ToolManager] Failed to auto-install tool 'mingw32-gcc'. Please install it manually.
2025-07-14 21:09:19,686 - nightstalker.redteam.payload_builder - WARNING - [ToolManager] Tool 'msfvenom' not found. Attempting to install...
2025-07-14 21:09:20,671 - nightstalker.redteam.payload_builder - WARNING - [ToolManager] Install failed: winget install -e --id msfvenom

2025-07-14 21:09:42,707 - nightstalker.redteam.payload_builder - WARNING - [ToolManager] Install failed: choco install msfvenom -y

2025-07-14 21:09:44,547 - nightstalker.redteam.payload_builder - WARNING - [ToolManager] Install failed: C:\Users\dougl\AppData\Local\Programs\Python\Python313\python.exe -m pip install msfvenom
ERROR: Could not find a version that satisfies the requirement msfvenom (from versions: none)
ERROR: No matching distribution found for msfvenom

2025-07-14 21:09:44,548 - nightstalker.redteam.payload_builder - ERROR - [ToolManager] Failed to auto-install tool 'msfvenom'. Please install it manually.
